This file contains any messages produced by compilers while
running configure, to aid debugging if configure makes a mistake.

It was created by libtest configure 0.1, which was
generated by GNU Autoconf 2.69.  Invocation command line was

  $ ./configure --no-create --no-recursion

## --------- ##
## Platform. ##
## --------- ##

hostname = oscar-NG-VN7-791G-79JA
uname -m = x86_64
uname -r = 5.15.0-53-generic
uname -s = Linux
uname -v = #59~20.04.1-Ubuntu SMP Thu Oct 20 15:10:22 UTC 2022

/usr/bin/uname -p = x86_64
/bin/uname -X     = unknown

/bin/arch              = x86_64
/usr/bin/arch -k       = unknown
/usr/convex/getsysinfo = unknown
/usr/bin/hostinfo      = unknown
/bin/machine           = unknown
/usr/bin/oslevel       = unknown
/bin/universe          = unknown

PATH: /usr/local/sbin
PATH: /usr/local/bin
PATH: /usr/sbin
PATH: /usr/bin
PATH: /sbin
PATH: /bin
PATH: /usr/games
PATH: /usr/local/games
PATH: /snap/bin


## ----------- ##
## Core tests. ##
## ----------- ##

configure:2213: checking for a BSD-compatible install
configure:2281: result: /usr/bin/install -c
configure:2292: checking whether build environment is sane
configure:2347: result: yes
configure:2496: checking for a thread-safe mkdir -p
configure:2535: result: /usr/bin/mkdir -p
configure:2542: checking for gawk
configure:2558: found /usr/bin/gawk
configure:2569: result: gawk
configure:2580: checking whether make sets $(MAKE)
configure:2602: result: yes
configure:2631: checking whether make supports nested variables
configure:2648: result: yes
configure:2786: checking whether make supports nested variables
configure:2803: result: yes
configure:2863: checking for gcc
configure:2879: found /usr/bin/gcc
configure:2890: result: gcc
configure:3119: checking for C compiler version
configure:3128: gcc --version >&5
gcc (Ubuntu 9.4.0-1ubuntu1~20.04.1) 9.4.0
Copyright (C) 2019 Free Software Foundation, Inc.
This is free software; see the source for copying conditions.  There is NO
warranty; not even for MERCHANTABILITY or FITNESS FOR A PARTICULAR PURPOSE.

configure:3139: $? = 0
configure:3128: gcc -v >&5
Using built-in specs.
COLLECT_GCC=gcc
COLLECT_LTO_WRAPPER=/usr/lib/gcc/x86_64-linux-gnu/9/lto-wrapper
OFFLOAD_TARGET_NAMES=nvptx-none:hsa
OFFLOAD_TARGET_DEFAULT=1
Target: x86_64-linux-gnu
Configured with: ../src/configure -v --with-pkgversion='Ubuntu 9.4.0-1ubuntu1~20.04.1' --with-bugurl=file:///usr/share/doc/gcc-9/README.Bugs --enable-languages=c,ada,c++,go,brig,d,fortran,objc,obj-c++,gm2 --prefix=/usr --with-gcc-major-version-only --program-suffix=-9 --program-prefix=x86_64-linux-gnu- --enable-shared --enable-linker-build-id --libexecdir=/usr/lib --without-included-gettext --enable-threads=posix --libdir=/usr/lib --enable-nls --enable-clocale=gnu --enable-libstdcxx-debug --enable-libstdcxx-time=yes --with-default-libstdcxx-abi=new --enable-gnu-unique-object --disable-vtable-verify --enable-plugin --enable-default-pie --with-system-zlib --with-target-system-zlib=auto --enable-objc-gc=auto --enable-multiarch --disable-werror --with-arch-32=i686 --with-abi=m64 --with-multilib-list=m32,m64,mx32 --enable-multilib --with-tune=generic --enable-offload-targets=nvptx-none=/build/gcc-9-Av3uEd/gcc-9-9.4.0/debian/tmp-nvptx/usr,hsa --without-cuda-driver --enable-checking=release --build=x86_64-linux-gnu --host=x86_64-linux-gnu --target=x86_64-linux-gnu
Thread model: posix
gcc version 9.4.0 (Ubuntu 9.4.0-1ubuntu1~20.04.1) 
configure:3139: $? = 0
configure:3128: gcc -V >&5
gcc: error: unrecognized command line option '-V'
gcc: fatal error: no input files
compilation terminated.
configure:3139: $? = 1
configure:3128: gcc -qversion >&5
gcc: error: unrecognized command line option '-qversion'; did you mean '--version'?
gcc: fatal error: no input files
compilation terminated.
configure:3139: $? = 1
configure:3159: checking whether the C compiler works
configure:3181: gcc    conftest.c  >&5
configure:3185: $? = 0
configure:3233: result: yes
configure:3236: checking for C compiler default output file name
configure:3238: result: a.out
configure:3244: checking for suffix of executables
configure:3251: gcc -o conftest    conftest.c  >&5
configure:3255: $? = 0
configure:3277: result: 
configure:3299: checking whether we are cross compiling
configure:3307: gcc -o conftest    conftest.c  >&5
configure:3311: $? = 0
configure:3318: ./conftest
configure:3322: $? = 0
configure:3310: result: no
configure:3315: checking for suffix of object files
configure:3337: gcc -c   conftest.c >&5
configure:3341: $? = 0
configure:3362: result: o
configure:3366: checking whether we are using the GNU C compiler
configure:3385: gcc -c   conftest.c >&5
configure:3385: $? = 0
configure:3394: result: yes
configure:3403: checking whether gcc accepts -g
configure:3423: gcc -c -g  conftest.c >&5
configure:3423: $? = 0
configure:3464: result: yes
configure:3481: checking for gcc option to accept ISO C89
configure:3544: gcc  -c -g -O2  conftest.c >&5
configure:3544: $? = 0
configure:3557: result: none needed
configure:3582: checking whether gcc understands -c and -o together
configure:3604: gcc -c conftest.c -o conftest2.o
configure:3607: $? = 0
configure:3604: gcc -c conftest.c -o conftest2.o
configure:3607: $? = 0
configure:3619: result: yes
configure:3639: checking whether make supports the include directive
configure:3654: make -f confmf.GNU && cat confinc.out
make[1]: Entering directory '/home/oscar/formacion/projects/libtest'
make[1]: Leaving directory '/home/oscar/formacion/projects/libtest'
this is the am__doit target
configure:3657: $? = 0
configure:3676: result: yes (GNU style)
configure:3701: checking dependency style of gcc
configure:3812: result: gcc3
configure:3832: checking whether NLS is requested
configure:3841: result: yes
configure:3859: checking for intltool >= 0.35.0
configure:3861: result: 0.51.0 found
configure:3869: checking for intltool-update
configure:3887: found /usr/bin/intltool-update
configure:3899: result: /usr/bin/intltool-update
configure:3909: checking for intltool-merge
configure:3927: found /usr/bin/intltool-merge
configure:3939: result: /usr/bin/intltool-merge
configure:3949: checking for intltool-extract
configure:3967: found /usr/bin/intltool-extract
configure:3979: result: /usr/bin/intltool-extract
configure:4133: checking for xgettext
configure:4151: found /usr/bin/xgettext
configure:4163: result: /usr/bin/xgettext
configure:4173: checking for msgmerge
configure:4191: found /usr/bin/msgmerge
configure:4203: result: /usr/bin/msgmerge
configure:4213: checking for msgfmt
configure:4231: found /usr/bin/msgfmt
configure:4243: result: /usr/bin/msgfmt
configure:4253: checking for gmsgfmt
configure:4284: result: /usr/bin/msgfmt
configure:4304: checking for perl
configure:4322: found /usr/bin/perl
configure:4334: result: /usr/bin/perl
configure:4345: checking for perl >= 5.8.1
configure:4352: result: 5.30.0
configure:4356: checking for XML::Parser
configure:4359: result: ok
configure:4411: checking build system type
configure:4425: result: x86_64-pc-linux-gnu
configure:4445: checking host system type
configure:4458: result: x86_64-pc-linux-gnu
configure:4499: checking how to print strings
configure:4526: result: printf
configure:4547: checking for a sed that does not truncate output
configure:4611: result: /usr/bin/sed
configure:4629: checking for grep that handles long lines and -e
configure:4687: result: /usr/bin/grep
configure:4692: checking for egrep
configure:4754: result: /usr/bin/grep -E
configure:4759: checking for fgrep
configure:4821: result: /usr/bin/grep -F
configure:4856: checking for ld used by gcc
configure:4923: result: /usr/bin/ld
configure:4930: checking if the linker (/usr/bin/ld) is GNU ld
configure:4945: result: yes
configure:4957: checking for BSD- or MS-compatible name lister (nm)
configure:5011: result: /usr/bin/nm -B
configure:5141: checking the name lister (/usr/bin/nm -B) interface
configure:5148: gcc -c -g -O2  conftest.c >&5
configure:5151: /usr/bin/nm -B "conftest.o"
configure:5154: output
0000000000000000 B some_variable
configure:5155: result: BSD nm
configure:5158: checking whether ln -s works
configure:5162: result: yes
configure:5170: checking the maximum length of command line arguments
configure:5301: result: 1572864
configure:5349: checking how to convert x86_64-pc-linux-gnu file names to x86_64-pc-linux-gnu format
configure:5389: result: func_convert_file_noop
configure:5396: checking how to convert x86_64-pc-linux-gnu file names to toolchain format
configure:5416: result: func_convert_file_noop
configure:5423: checking for /usr/bin/ld option to reload object files
configure:5430: result: -r
configure:5504: checking for objdump
configure:5520: found /usr/bin/objdump
configure:5531: result: objdump
configure:5563: checking how to recognize dependent libraries
configure:5763: result: pass_all
configure:5848: checking for dlltool
configure:5878: result: no
configure:5908: checking how to associate runtime and link libraries
configure:5935: result: printf %s\n
configure:5996: checking for ar
configure:6012: found /usr/bin/ar
configure:6023: result: ar
configure:6060: checking for archiver @FILE support
configure:6077: gcc -c -g -O2  conftest.c >&5
configure:6077: $? = 0
configure:6080: ar cr libconftest.a @conftest.lst >&5
configure:6083: $? = 0
configure:6088: ar cr libconftest.a @conftest.lst >&5
ar: conftest.o: No such file or directory
configure:6091: $? = 1
configure:6090: result: @
configure:6148: checking for strip
configure:6164: found /usr/bin/strip
configure:6175: result: strip
configure:6247: checking for ranlib
configure:6263: found /usr/bin/ranlib
configure:6274: result: ranlib
configure:6376: checking command to parse /usr/bin/nm -B output from gcc object
configure:6529: gcc -c -g -O2  conftest.c >&5
configure:6532: $? = 0
configure:6536: /usr/bin/nm -B conftest.o | sed -n -e 's/^.*[	 ]\([ABCDGIRSTW][ABCDGIRSTW]*\)[	 ][	 ]*\([_A-Za-z][_A-Za-z0-9]*\)$/\1 \2 \2/p' | sed '/ __gnu_lto/d' > conftest.nm
configure:6602: gcc -o conftest -g -O2   conftest.c conftstm.o >&5
configure:6605: $? = 0
configure:6643: result: ok
configure:6690: checking for sysroot
configure:6720: result: no
configure:6727: checking for a working dd
configure:6765: result: /usr/bin/dd
configure:6769: checking how to truncate binary pipes
configure:6784: result: /usr/bin/dd bs=4096 count=1
configure:6920: gcc -c -g -O2  conftest.c >&5
configure:6923: $? = 0
configure:7113: checking for mt
configure:7129: found /usr/bin/mt
configure:7140: result: mt
configure:7163: checking if mt is a manifest tool
configure:7169: mt '-?'
configure:7177: result: no
configure:7854: checking how to run the C preprocessor
configure:7885: gcc -E  conftest.c
configure:7885: $? = 0
configure:7899: gcc -E  conftest.c
conftest.c:11:10: fatal error: ac_nonexistent.h: No such file or directory
   11 | #include <ac_nonexistent.h>
      |          ^~~~~~~~~~~~~~~~~~
compilation terminated.
configure:7899: $? = 1
configure: failed program was:
| /* confdefs.h */
| #define PACKAGE_NAME "libtest"
| #define PACKAGE_TARNAME "libtest"
| #define PACKAGE_VERSION "0.1"
| #define PACKAGE_STRING "libtest 0.1"
| #define PACKAGE_BUGREPORT ""
| #define PACKAGE_URL ""
| #define PACKAGE "libtest"
| #define VERSION "0.1"
| /* end confdefs.h.  */
| #include <ac_nonexistent.h>
configure:7924: result: gcc -E
configure:7944: gcc -E  conftest.c
configure:7944: $? = 0
configure:7958: gcc -E  conftest.c
conftest.c:11:10: fatal error: ac_nonexistent.h: No such file or directory
   11 | #include <ac_nonexistent.h>
      |          ^~~~~~~~~~~~~~~~~~
compilation terminated.
configure:7958: $? = 1
configure: failed program was:
| /* confdefs.h */
| #define PACKAGE_NAME "libtest"
| #define PACKAGE_TARNAME "libtest"
| #define PACKAGE_VERSION "0.1"
| #define PACKAGE_STRING "libtest 0.1"
| #define PACKAGE_BUGREPORT ""
| #define PACKAGE_URL ""
| #define PACKAGE "libtest"
| #define VERSION "0.1"
| /* end confdefs.h.  */
| #include <ac_nonexistent.h>
configure:7987: checking for ANSI C header files
configure:8007: gcc -c -g -O2  conftest.c >&5
configure:8007: $? = 0
configure:8080: gcc -o conftest -g -O2   conftest.c  >&5
configure:8080: $? = 0
configure:8080: ./conftest
configure:8080: $? = 0
configure:8091: result: yes
configure:8104: checking for sys/types.h
configure:8104: gcc -c -g -O2  conftest.c >&5
configure:8104: $? = 0
configure:8104: result: yes
configure:8104: checking for sys/stat.h
configure:8104: gcc -c -g -O2  conftest.c >&5
configure:8104: $? = 0
configure:8104: result: yes
configure:8104: checking for stdlib.h
configure:8104: gcc -c -g -O2  conftest.c >&5
configure:8104: $? = 0
configure:8104: result: yes
configure:8104: checking for string.h
configure:8104: gcc -c -g -O2  conftest.c >&5
configure:8104: $? = 0
configure:8104: result: yes
configure:8104: checking for memory.h
configure:8104: gcc -c -g -O2  conftest.c >&5
configure:8104: $? = 0
configure:8104: result: yes
configure:8104: checking for strings.h
configure:8104: gcc -c -g -O2  conftest.c >&5
configure:8104: $? = 0
configure:8104: result: yes
configure:8104: checking for inttypes.h
configure:8104: gcc -c -g -O2  conftest.c >&5
configure:8104: $? = 0
configure:8104: result: yes
configure:8104: checking for stdint.h
configure:8104: gcc -c -g -O2  conftest.c >&5
configure:8104: $? = 0
configure:8104: result: yes
configure:8104: checking for unistd.h
configure:8104: gcc -c -g -O2  conftest.c >&5
configure:8104: $? = 0
configure:8104: result: yes
configure:8118: checking for dlfcn.h
configure:8118: gcc -c -g -O2  conftest.c >&5
configure:8118: $? = 0
configure:8118: result: yes
configure:8374: checking for objdir
configure:8389: result: .libs
configure:8649: checking if gcc supports -fno-rtti -fno-exceptions
configure:8667: gcc -c -g -O2  -fno-rtti -fno-exceptions conftest.c >&5
cc1: warning: command line option '-fno-rtti' is valid for C++/D/ObjC++ but not for C
configure:8671: $? = 0
configure:8684: result: no
configure:9048: checking for gcc option to produce PIC
configure:9055: result: -fPIC -DPIC
configure:9063: checking if gcc PIC flag -fPIC -DPIC works
configure:9081: gcc -c -g -O2  -fPIC -DPIC -DPIC conftest.c >&5
configure:9085: $? = 0
configure:9098: result: yes
configure:9127: checking if gcc static flag -static works
configure:9155: result: yes
configure:9170: checking if gcc supports -c -o file.o
configure:9191: gcc -c -g -O2  -o out/conftest2.o conftest.c >&5
configure:9195: $? = 0
configure:9217: result: yes
configure:9225: checking if gcc supports -c -o file.o
configure:9272: result: yes
configure:9305: checking whether the gcc linker (/usr/bin/ld -m elf_x86_64) supports shared libraries
configure:10568: result: yes
configure:10605: checking whether -lc should be explicitly linked in
configure:10613: gcc -c -g -O2  conftest.c >&5
configure:10616: $? = 0
configure:10631: gcc -shared  -fPIC -DPIC conftest.o  -v -Wl,-soname -Wl,conftest -o conftest 2\>\&1 \| /usr/bin/grep  -lc  \>/dev/null 2\>\&1
configure:10634: $? = 0
configure:10648: result: no
configure:10808: checking dynamic linker characteristics
configure:11389: gcc -o conftest -g -O2   -Wl,-rpath -Wl,/foo conftest.c  >&5
configure:11389: $? = 0
configure:11638: result: GNU/Linux ld.so
configure:11760: checking how to hardcode library paths into programs
configure:11785: result: immediate
configure:12333: checking whether stripping libraries is possible
configure:12338: result: yes
configure:12373: checking if libtool supports shared libraries
configure:12375: result: yes
configure:12378: checking whether to build shared libraries
configure:12403: result: yes
configure:12406: checking whether to build static libraries
configure:12410: result: yes
configure:9331: checking that generated files are newer than configure
configure:9337: result: done
configure:9364: creating ./config.status

## ---------------- ##
## Cache variables. ##
## ---------------- ##

ac_cv_build=x86_64-pc-linux-gnu
ac_cv_c_compiler_gnu=yes
ac_cv_env_CC_set=
ac_cv_env_CC_value=
ac_cv_env_CFLAGS_set=
ac_cv_env_CFLAGS_value=
ac_cv_env_CPPFLAGS_set=
ac_cv_env_CPPFLAGS_value=
ac_cv_env_CPP_set=
ac_cv_env_CPP_value=
ac_cv_env_LDFLAGS_set=
ac_cv_env_LDFLAGS_value=
ac_cv_env_LIBS_set=
ac_cv_env_LIBS_value=
ac_cv_env_LT_SYS_LIBRARY_PATH_set=
ac_cv_env_LT_SYS_LIBRARY_PATH_value=
ac_cv_env_build_alias_set=
ac_cv_env_build_alias_value=
ac_cv_env_host_alias_set=
ac_cv_env_host_alias_value=
ac_cv_env_target_alias_set=
ac_cv_env_target_alias_value=
ac_cv_header_dlfcn_h=yes
ac_cv_header_inttypes_h=yes
ac_cv_header_memory_h=yes
ac_cv_header_stdc=yes
ac_cv_header_stdint_h=yes
ac_cv_header_stdlib_h=yes
ac_cv_header_string_h=yes
ac_cv_header_strings_h=yes
ac_cv_header_sys_stat_h=yes
ac_cv_header_sys_types_h=yes
ac_cv_header_unistd_h=yes
ac_cv_host=x86_64-pc-linux-gnu
ac_cv_objext=o
ac_cv_path_EGREP='/usr/bin/grep -E'
ac_cv_path_FGREP='/usr/bin/grep -F'
ac_cv_path_GMSGFMT=/usr/bin/msgfmt
ac_cv_path_GREP=/usr/bin/grep
ac_cv_path_INTLTOOL_EXTRACT=/usr/bin/intltool-extract
ac_cv_path_INTLTOOL_MERGE=/usr/bin/intltool-merge
ac_cv_path_INTLTOOL_PERL=/usr/bin/perl
ac_cv_path_INTLTOOL_UPDATE=/usr/bin/intltool-update
ac_cv_path_MSGFMT=/usr/bin/msgfmt
ac_cv_path_MSGMERGE=/usr/bin/msgmerge
ac_cv_path_SED=/usr/bin/sed
ac_cv_path_XGETTEXT=/usr/bin/xgettext
ac_cv_path_install='/usr/bin/install -c'
ac_cv_path_lt_DD=/usr/bin/dd
ac_cv_path_mkdir=/usr/bin/mkdir
ac_cv_prog_AWK=gawk
ac_cv_prog_CPP='gcc -E'
ac_cv_prog_ac_ct_AR=ar
ac_cv_prog_ac_ct_CC=gcc
ac_cv_prog_ac_ct_MANIFEST_TOOL=mt
ac_cv_prog_ac_ct_OBJDUMP=objdump
ac_cv_prog_ac_ct_RANLIB=ranlib
ac_cv_prog_ac_ct_STRIP=strip
ac_cv_prog_cc_c89=
ac_cv_prog_cc_g=yes
ac_cv_prog_make_make_set=yes
am_cv_CC_dependencies_compiler_type=gcc3
am_cv_make_support_nested_variables=yes
am_cv_prog_cc_c_o=yes
lt_cv_ar_at_file=@
lt_cv_archive_cmds_need_lc=no
lt_cv_deplibs_check_method=pass_all
lt_cv_file_magic_cmd='$MAGIC_CMD'
lt_cv_file_magic_test_file=
lt_cv_ld_reload_flag=-r
lt_cv_nm_interface='BSD nm'
lt_cv_objdir=.libs
lt_cv_path_LD=/usr/bin/ld
lt_cv_path_NM='/usr/bin/nm -B'
lt_cv_path_mainfest_tool=no
lt_cv_prog_compiler_c_o=yes
lt_cv_prog_compiler_pic='-fPIC -DPIC'
lt_cv_prog_compiler_pic_works=yes
lt_cv_prog_compiler_rtti_exceptions=no
lt_cv_prog_compiler_static_works=yes
lt_cv_prog_gnu_ld=yes
lt_cv_sharedlib_from_linklib_cmd='printf %s\n'
lt_cv_shlibpath_overrides_runpath=yes
lt_cv_sys_global_symbol_pipe='sed -n -e '\''s/^.*[	 ]\([ABCDGIRSTW][ABCDGIRSTW]*\)[	 ][	 ]*\([_A-Za-z][_A-Za-z0-9]*\)$/\1 \2 \2/p'\'' | sed '\''/ __gnu_lto/d'\'''
lt_cv_sys_global_symbol_to_c_name_address='sed -n -e '\''s/^: \(.*\) .*$/  {"\1", (void *) 0},/p'\'' -e '\''s/^[ABCDGIRSTW][ABCDGIRSTW]* .* \(.*\)$/  {"\1", (void *) \&\1},/p'\'''
lt_cv_sys_global_symbol_to_c_name_address_lib_prefix='sed -n -e '\''s/^: \(.*\) .*$/  {"\1", (void *) 0},/p'\'' -e '\''s/^[ABCDGIRSTW][ABCDGIRSTW]* .* \(lib.*\)$/  {"\1", (void *) \&\1},/p'\'' -e '\''s/^[ABCDGIRSTW][ABCDGIRSTW]* .* \(.*\)$/  {"lib\1", (void *) \&\1},/p'\'''
lt_cv_sys_global_symbol_to_cdecl='sed -n -e '\''s/^T .* \(.*\)$/extern int \1();/p'\'' -e '\''s/^[ABCDGIRSTW][ABCDGIRSTW]* .* \(.*\)$/extern char \1;/p'\'''
lt_cv_sys_global_symbol_to_import=
lt_cv_sys_max_cmd_len=1572864
lt_cv_to_host_file_cmd=func_convert_file_noop
lt_cv_to_tool_file_cmd=func_convert_file_noop
lt_cv_truncate_bin='/usr/bin/dd bs=4096 count=1'

## ----------------- ##
## Output variables. ##
## ----------------- ##

ACLOCAL='${SHELL} /home/oscar/formacion/projects/libtest/missing aclocal-1.16'
ALL_LINGUAS=''
AMDEPBACKSLASH='\'
AMDEP_FALSE='#'
AMDEP_TRUE=''
AMTAR='$${TAR-tar}'
AM_BACKSLASH='\'
AM_DEFAULT_V='$(AM_DEFAULT_VERBOSITY)'
AM_DEFAULT_VERBOSITY='0'
AM_V='$(V)'
AR='ar'
AUTOCONF='${SHELL} /home/oscar/formacion/projects/libtest/missing autoconf'
AUTOHEADER='${SHELL} /home/oscar/formacion/projects/libtest/missing autoheader'
AUTOMAKE='${SHELL} /home/oscar/formacion/projects/libtest/missing automake-1.16'
AWK='gawk'
CC='gcc'
CCDEPMODE='depmode=gcc3'
CFLAGS='-g -O2'
CPP='gcc -E'
CPPFLAGS=''
CYGPATH_W='echo'
DEFS='-DHAVE_CONFIG_H'
DEPDIR='.deps'
DLLTOOL='false'
DSYMUTIL=''
DUMPBIN=''
ECHO_C=''
ECHO_N='-n'
ECHO_T=''
EGREP='/usr/bin/grep -E'
EXEEXT=''
FGREP='/usr/bin/grep -F'
GETTEXT_PACKAGE='libtest'
GMSGFMT='/usr/bin/msgfmt'
GREP='/usr/bin/grep'
INSTALL_DATA='${INSTALL} -m 644'
INSTALL_PROGRAM='${INSTALL}'
INSTALL_SCRIPT='${INSTALL}'
INSTALL_STRIP_PROGRAM='$(install_sh) -c -s'
INTLTOOL_CAVES_RULE='%.caves:     %.caves.in     $(INTLTOOL_MERGE) $(wildcard $(top_srcdir)/po/*.po) ; $(INTLTOOL_V_MERGE)LC_ALL=C $(INTLTOOL_MERGE) $(INTLTOOL_V_MERGE_OPTIONS) -d -u -c $(top_builddir)/po/.intltool-merge-cache $(top_srcdir)/po $< $@'
INTLTOOL_DESKTOP_RULE='%.desktop:   %.desktop.in   $(INTLTOOL_MERGE) $(wildcard $(top_srcdir)/po/*.po) ; $(INTLTOOL_V_MERGE)LC_ALL=C $(INTLTOOL_MERGE) $(INTLTOOL_V_MERGE_OPTIONS) -d -u -c $(top_builddir)/po/.intltool-merge-cache $(top_srcdir)/po $< $@'
INTLTOOL_DIRECTORY_RULE='%.directory: %.directory.in $(INTLTOOL_MERGE) $(wildcard $(top_srcdir)/po/*.po) ; $(INTLTOOL_V_MERGE)LC_ALL=C $(INTLTOOL_MERGE) $(INTLTOOL_V_MERGE_OPTIONS) -d -u -c $(top_builddir)/po/.intltool-merge-cache $(top_srcdir)/po $< $@'
INTLTOOL_EXTRACT='/usr/bin/intltool-extract'
INTLTOOL_KBD_RULE='%.kbd:       %.kbd.in       $(INTLTOOL_MERGE) $(wildcard $(top_srcdir)/po/*.po) ; $(INTLTOOL_V_MERGE)LC_ALL=C $(INTLTOOL_MERGE) $(INTLTOOL_V_MERGE_OPTIONS) -x -u -m -c $(top_builddir)/po/.intltool-merge-cache $(top_srcdir)/po $< $@'
INTLTOOL_KEYS_RULE='%.keys:      %.keys.in      $(INTLTOOL_MERGE) $(wildcard $(top_srcdir)/po/*.po) ; $(INTLTOOL_V_MERGE)LC_ALL=C $(INTLTOOL_MERGE) $(INTLTOOL_V_MERGE_OPTIONS) -k -u -c $(top_builddir)/po/.intltool-merge-cache $(top_srcdir)/po $< $@'
INTLTOOL_MERGE='/usr/bin/intltool-merge'
INTLTOOL_OAF_RULE='%.oaf:       %.oaf.in       $(INTLTOOL_MERGE) $(wildcard $(top_srcdir)/po/*.po) ; $(INTLTOOL_V_MERGE)LC_ALL=C $(INTLTOOL_MERGE) $(INTLTOOL_V_MERGE_OPTIONS) -o -p $(top_srcdir)/po $< $@'
INTLTOOL_PERL='/usr/bin/perl'
INTLTOOL_POLICY_RULE='%.policy:    %.policy.in    $(INTLTOOL_MERGE) $(wildcard $(top_srcdir)/po/*.po) ; $(INTLTOOL_V_MERGE)LC_ALL=C $(INTLTOOL_MERGE) $(INTLTOOL_V_MERGE_OPTIONS) -x -u -c $(top_builddir)/po/.intltool-merge-cache $(top_srcdir)/po $< $@'
INTLTOOL_PONG_RULE='%.pong:      %.pong.in      $(INTLTOOL_MERGE) $(wildcard $(top_srcdir)/po/*.po) ; $(INTLTOOL_V_MERGE)LC_ALL=C $(INTLTOOL_MERGE) $(INTLTOOL_V_MERGE_OPTIONS) -x -u -c $(top_builddir)/po/.intltool-merge-cache $(top_srcdir)/po $< $@'
INTLTOOL_PROP_RULE='%.prop:      %.prop.in      $(INTLTOOL_MERGE) $(wildcard $(top_srcdir)/po/*.po) ; $(INTLTOOL_V_MERGE)LC_ALL=C $(INTLTOOL_MERGE) $(INTLTOOL_V_MERGE_OPTIONS) -d -u -c $(top_builddir)/po/.intltool-merge-cache $(top_srcdir)/po $< $@'
INTLTOOL_SCHEMAS_RULE='%.schemas:   %.schemas.in   $(INTLTOOL_MERGE) $(wildcard $(top_srcdir)/po/*.po) ; $(INTLTOOL_V_MERGE)LC_ALL=C $(INTLTOOL_MERGE) $(INTLTOOL_V_MERGE_OPTIONS) -s -u -c $(top_builddir)/po/.intltool-merge-cache $(top_srcdir)/po $< $@'
INTLTOOL_SERVER_RULE='%.server:    %.server.in    $(INTLTOOL_MERGE) $(wildcard $(top_srcdir)/po/*.po) ; $(INTLTOOL_V_MERGE)LC_ALL=C $(INTLTOOL_MERGE) $(INTLTOOL_V_MERGE_OPTIONS) -o -u -c $(top_builddir)/po/.intltool-merge-cache $(top_srcdir)/po $< $@'
INTLTOOL_SERVICE_RULE='%.service: %.service.in   $(INTLTOOL_MERGE) $(wildcard $(top_srcdir)/po/*.po) ; $(INTLTOOL_V_MERGE)LC_ALL=C $(INTLTOOL_MERGE) $(INTLTOOL_V_MERGE_OPTIONS) -d -u -c $(top_builddir)/po/.intltool-merge-cache $(top_srcdir)/po $< $@'
INTLTOOL_SHEET_RULE='%.sheet:     %.sheet.in     $(INTLTOOL_MERGE) $(wildcard $(top_srcdir)/po/*.po) ; $(INTLTOOL_V_MERGE)LC_ALL=C $(INTLTOOL_MERGE) $(INTLTOOL_V_MERGE_OPTIONS) -x -u -c $(top_builddir)/po/.intltool-merge-cache $(top_srcdir)/po $< $@'
INTLTOOL_SOUNDLIST_RULE='%.soundlist: %.soundlist.in $(INTLTOOL_MERGE) $(wildcard $(top_srcdir)/po/*.po) ; $(INTLTOOL_V_MERGE)LC_ALL=C $(INTLTOOL_MERGE) $(INTLTOOL_V_MERGE_OPTIONS) -d -u -c $(top_builddir)/po/.intltool-merge-cache $(top_srcdir)/po $< $@'
INTLTOOL_THEME_RULE='%.theme:     %.theme.in     $(INTLTOOL_MERGE) $(wildcard $(top_srcdir)/po/*.po) ; $(INTLTOOL_V_MERGE)LC_ALL=C $(INTLTOOL_MERGE) $(INTLTOOL_V_MERGE_OPTIONS) -d -u -c $(top_builddir)/po/.intltool-merge-cache $(top_srcdir)/po $< $@'
INTLTOOL_UI_RULE='%.ui:        %.ui.in        $(INTLTOOL_MERGE) $(wildcard $(top_srcdir)/po/*.po) ; $(INTLTOOL_V_MERGE)LC_ALL=C $(INTLTOOL_MERGE) $(INTLTOOL_V_MERGE_OPTIONS) -x -u -c $(top_builddir)/po/.intltool-merge-cache $(top_srcdir)/po $< $@'
INTLTOOL_UPDATE='/usr/bin/intltool-update'
INTLTOOL_V_MERGE='$(INTLTOOL__v_MERGE_$(V))'
INTLTOOL_V_MERGE_OPTIONS='$(intltool__v_merge_options_$(V))'
INTLTOOL_XAM_RULE='%.xam:       %.xml.in       $(INTLTOOL_MERGE) $(wildcard $(top_srcdir)/po/*.po) ; $(INTLTOOL_V_MERGE)LC_ALL=C $(INTLTOOL_MERGE) $(INTLTOOL_V_MERGE_OPTIONS) -x -u -c $(top_builddir)/po/.intltool-merge-cache $(top_srcdir)/po $< $@'
INTLTOOL_XML_NOMERGE_RULE='%.xml:       %.xml.in       $(INTLTOOL_MERGE) ; $(INTLTOOL_V_MERGE)LC_ALL=C $(INTLTOOL_MERGE) $(INTLTOOL_V_MERGE_OPTIONS) -x -u --no-translations $< $@'
INTLTOOL_XML_RULE='%.xml:       %.xml.in       $(INTLTOOL_MERGE) $(wildcard $(top_srcdir)/po/*.po) ; $(INTLTOOL_V_MERGE)LC_ALL=C $(INTLTOOL_MERGE) $(INTLTOOL_V_MERGE_OPTIONS) -x -u -c $(top_builddir)/po/.intltool-merge-cache $(top_srcdir)/po $< $@'
INTLTOOL__v_MERGE_0='@echo "  ITMRG " $@;'
INTLTOOL__v_MERGE_='$(INTLTOOL__v_MERGE_$(AM_DEFAULT_VERBOSITY))'
LD='/usr/bin/ld -m elf_x86_64'
LDFLAGS=''
LIBOBJS=''
LIBS=''
LIBTOOL='$(SHELL) $(top_builddir)/libtool'
LIPO=''
LN_S='ln -s'
LTLIBOBJS=''
LT_SYS_LIBRARY_PATH=''
MAKEINFO='${SHELL} /home/oscar/formacion/projects/libtest/missing makeinfo'
MANIFEST_TOOL=':'
MKDIR_P='/usr/bin/mkdir -p'
MSGFMT='/usr/bin/msgfmt'
MSGMERGE='/usr/bin/msgmerge'
NM='/usr/bin/nm -B'
NMEDIT=''
OBJDUMP='objdump'
OBJEXT='o'
OTOOL64=''
OTOOL=''
PACKAGE='libtest'
PACKAGE_BUGREPORT=''
PACKAGE_NAME='libtest'
PACKAGE_STRING='libtest 0.1'
PACKAGE_TARNAME='libtest'
PACKAGE_URL=''
PACKAGE_VERSION='0.1'
PATH_SEPARATOR=':'
RANLIB='ranlib'
SED='/usr/bin/sed'
SET_MAKE=''
SHELL='/bin/bash'
STRIP='strip'
USE_NLS='yes'
VERSION='0.1'
XGETTEXT='/usr/bin/xgettext'
ac_ct_AR='ar'
ac_ct_CC='gcc'
ac_ct_DUMPBIN=''
am__EXEEXT_FALSE=''
am__EXEEXT_TRUE='#'
am__fastdepCC_FALSE='#'
am__fastdepCC_TRUE=''
am__include='include'
am__isrc=''
am__leading_dot='.'
am__nodep='_no'
am__quote=''
am__tar='$${TAR-tar} chof - "$$tardir"'
am__untar='$${TAR-tar} xf -'
bindir='${exec_prefix}/bin'
build='x86_64-pc-linux-gnu'
build_alias=''
build_cpu='x86_64'
build_os='linux-gnu'
build_vendor='pc'
datadir='${datarootdir}'
datarootdir='${prefix}/share'
docdir='${datarootdir}/doc/${PACKAGE_TARNAME}'
dvidir='${docdir}'
exec_prefix='${prefix}'
host='x86_64-pc-linux-gnu'
host_alias=''
host_cpu='x86_64'
host_os='linux-gnu'
host_vendor='pc'
htmldir='${docdir}'
includedir='${prefix}/include'
infodir='${datarootdir}/info'
install_sh='${SHELL} /home/oscar/formacion/projects/libtest/install-sh'
intltool__v_merge_options_0='-q'
intltool__v_merge_options_='$(intltool__v_merge_options_$(AM_DEFAULT_VERBOSITY))'
libdir='${exec_prefix}/lib'
libexecdir='${exec_prefix}/libexec'
localedir='${datarootdir}/locale'
localstatedir='${prefix}/var'
mandir='${datarootdir}/man'
mkdir_p='$(MKDIR_P)'
oldincludedir='/usr/include'
pdfdir='${docdir}'
prefix='/usr/local'
program_transform_name='s,x,x,'
psdir='${docdir}'
runstatedir='${localstatedir}/run'
sbindir='${exec_prefix}/sbin'
sharedstatedir='${prefix}/com'
sysconfdir='${prefix}/etc'
target_alias=''

## ----------- ##
## confdefs.h. ##
## ----------- ##

/* confdefs.h */
#define PACKAGE_NAME "libtest"
#define PACKAGE_TARNAME "libtest"
#define PACKAGE_VERSION "0.1"
#define PACKAGE_STRING "libtest 0.1"
#define PACKAGE_BUGREPORT ""
#define PACKAGE_URL ""
#define PACKAGE "libtest"
#define VERSION "0.1"
#define STDC_HEADERS 1
#define HAVE_SYS_TYPES_H 1
#define HAVE_SYS_STAT_H 1
#define HAVE_STDLIB_H 1
#define HAVE_STRING_H 1
#define HAVE_MEMORY_H 1
#define HAVE_STRINGS_H 1
#define HAVE_INTTYPES_H 1
#define HAVE_STDINT_H 1
#define HAVE_UNISTD_H 1
#define HAVE_DLFCN_H 1
#define LT_OBJDIR ".libs/"

configure: exit 0

## ---------------------- ##
## Running config.status. ##
## ---------------------- ##

This file was extended by libtest config.status 0.1, which was
generated by GNU Autoconf 2.69.  Invocation command line was

  CONFIG_FILES    = 
  CONFIG_HEADERS  = 
  CONFIG_LINKS    = 
  CONFIG_COMMANDS = 
  $ ./config.status 

on oscar-NG-VN7-791G-79JA

config.status:1139: creating Makefile
config.status:1139: creating src/libtest-0.1.pc
config.status:1139: creating src/Makefile
config.status:1139: creating po/Makefile.in
config.status:1139: creating config.h
config.status:1368: executing depfiles commands
config.status:1445: cd src       && sed -e '/# am--include-marker/d' Makefile         | make -f - am--depfiles
make[1]: Entering directory '/home/oscar/formacion/projects/libtest/src'
make[1]: Nothing to be done for 'am--depfiles'.
make[1]: Leaving directory '/home/oscar/formacion/projects/libtest/src'
config.status:1450: $? = 0
config.status:1368: executing libtool commands
config.status:1368: executing po/stamp-it commands
